system   I             system.c:245  al_install_system                [   0.02043] Allegro version: 5.1.12 (WIP)
dtor     D               dtor.c:184  _al_register_destructor          [   0.02723] added dtor for object 00A721E8, func 64B4172B
system   D            wsystem.c:674  maybe_parent_dir                 [   0.02738] Also searching C:\Users\Administrador\Documents\GitHub\ProgramacionDeGraficos1TP3\TP3\bin\
system   D            wsystem.c:724  _al_win_safe_load_library        [   0.02762] PathFindOnPath found: C:\WINDOWS\system32\d3d9.dll
system   D            wsystem.c:635  load_library_at_path             [   0.02767] Calling LoadLibrary C:\WINDOWS\system32\d3d9.dll
system   I            wsystem.c:638  load_library_at_path             [   0.03586] Loaded C:\WINDOWS\system32\d3d9.dll
d3d      I         d3d_disp.cpp:672  d3d_init_display                 [   0.07500] Render-to-texture: 1
d3d      I         d3d_disp.cpp:1770 d3d_create_display_locked        [   0.07549] faux_fullscreen=0
d3d      D         d3d_disp.cpp:1771 d3d_create_display_locked        [   0.07552] al_display=04E73890
d3d      D         d3d_disp.cpp:1772 d3d_create_display_locked        [   0.07555] al_display->vt=04E737B0
d3d      I d3d_display_formats.cpp:144  _al_d3d_generate_display_format_list [   0.08014] found 288 format combinations
display  D   display_settings.c:202  debug_display_settings           [   0.08022] color: 32 (rgba 8880), depth: 0, stencil: 0, acc: 0000, samples: 0/0
display  D   display_settings.c:517  _al_score_display_settings       [   0.08027] Score is : 897
display  D   display_settings.c:202  debug_display_settings           [   0.08030] color: 32 (rgba 8880), depth: 0, stencil: 0, acc: 0000, samples: 0/0
display  D   display_settings.c:517  _al_score_display_settings       [   0.08033] Score is : 897
display  D   display_settings.c:202  debug_display_settings           [   0.08036] color: 32 (rgba 8880), depth: 0, stencil: 0, acc: 0000, samples: 2/1
display  D   display_settings.c:517  _al_score_display_settings       [   0.08040] Score is : 726
display  D   display_settings.c:202  debug_display_settings           [   0.08042] color: 32 (rgba 8880), depth: 0, stencil: 0, acc: 0000, samples: 3/1
display  D   display_settings.c:517  _al_score_display_settings       [   0.08046] Score is : 721
display  D   display_settings.c:202  debug_display_settings           [   0.08048] color: 32 (rgba 8880), depth: 0, stencil: 0, acc: 0000, samples: 4/1
display  D   display_settings.c:517  _al_score_display_settings       [   0.08052] Score is : 717
display  D   display_settings.c:202  debug_display_settings           [   0.08054] color: 32 (rgba 8880), depth: 0, stencil: 0, acc: 0000, samples: 5/1
display  D   display_settings.c:517  _al_score_display_settings       [   0.08058] Score is : 715
display  D   display_settings.c:202  debug_display_settings           [   0.08061] color: 32 (rgba 8880), depth: 0, stencil: 0, acc: 0000, samples: 6/1
display  D   display_settings.c:517  _al_score_display_settings       [   0.08064] Score is : 714
display  D   display_settings.c:202  debug_display_settings           [   0.08067] color: 32 (rgba 8880), depth: 0, stencil: 0, acc: 0000, samples: 7/1
display  D   display_settings.c:517  _al_score_display_settings       [   0.08070] Score is : 713
display  D   display_settings.c:202  debug_display_settings           [   0.08073] color: 32 (rgba 8880), depth: 0, stencil: 0, acc: 0000, samples: 8/1
display  D   display_settings.c:517  _al_score_display_settings       [   0.08076] Score is : 712
display  D   display_settings.c:202  debug_display_settings           [   0.08079] color: 32 (rgba 8880), depth: 24, stencil: 8, acc: 0000, samples: 0/0
display  D   display_settings.c:517  _al_score_display_settings       [   0.08082] Score is : 897
display  D   display_settings.c:202  debug_display_settings           [   0.08085] color: 32 (rgba 8880), depth: 24, stencil: 8, acc: 0000, samples: 0/0
display  D   display_settings.c:517  _al_score_display_settings       [   0.08089] Score is : 897
display  D   display_settings.c:202  debug_display_settings           [   0.08096] color: 32 (rgba 8880), depth: 24, stencil: 8, acc: 0000, samples: 2/1
display  D   display_settings.c:517  _al_score_display_settings       [   0.08100] Score is : 726
display  D   display_settings.c:202  debug_display_settings           [   0.08103] color: 32 (rgba 8880), depth: 24, stencil: 8, acc: 0000, samples: 3/1
display  D   display_settings.c:517  _al_score_display_settings       [   0.08107] Score is : 721
display  D   display_settings.c:202  debug_display_settings           [   0.08109] color: 32 (rgba 8880), depth: 24, stencil: 8, acc: 0000, samples: 4/1
display  D   display_settings.c:517  _al_score_display_settings       [   0.08113] Score is : 717
display  D   display_settings.c:202  debug_display_settings           [   0.08115] color: 32 (rgba 8880), depth: 24, stencil: 8, acc: 0000, samples: 5/1
display  D   display_settings.c:517  _al_score_display_settings       [   0.08119] Score is : 715
display  D   display_settings.c:202  debug_display_settings           [   0.08121] color: 32 (rgba 8880), depth: 24, stencil: 8, acc: 0000, samples: 6/1
display  D   display_settings.c:517  _al_score_display_settings       [   0.08125] Score is : 714
display  D   display_settings.c:202  debug_display_settings           [   0.08128] color: 32 (rgba 8880), depth: 24, stencil: 8, acc: 0000, samples: 7/1
display  D   display_settings.c:517  _al_score_display_settings       [   0.08131] Score is : 713
display  D   display_settings.c:202  debug_display_settings           [   0.08134] color: 32 (rgba 8880), depth: 24, stencil: 8, acc: 0000, samples: 8/1
display  D   display_settings.c:517  _al_score_display_settings       [   0.08137] Score is : 712
display  D   display_settings.c:202  debug_display_settings           [   0.08140] color: 32 (rgba 8880), depth: 24, stencil: 0, acc: 0000, samples: 0/0
display  D   display_settings.c:517  _al_score_display_settings       [   0.08143] Score is : 897
display  D   display_settings.c:202  debug_display_settings           [   0.08146] color: 32 (rgba 8880), depth: 24, stencil: 0, acc: 0000, samples: 0/0
display  D   display_settings.c:517  _al_score_display_settings       [   0.08150] Score is : 897
display  D   display_settings.c:202  debug_display_settings           [   0.08152] color: 32 (rgba 8880), depth: 24, stencil: 0, acc: 0000, samples: 2/1
display  D   display_settings.c:517  _al_score_display_settings       [   0.08156] Score is : 726
display  D   display_settings.c:202  debug_display_settings           [   0.08158] color: 32 (rgba 8880), depth: 24, stencil: 0, acc: 0000, samples: 3/1
display  D   display_settings.c:517  _al_score_display_settings       [   0.08162] Score is : 721
display  D   display_settings.c:202  debug_display_settings           [   0.08164] color: 32 (rgba 8880), depth: 24, stencil: 0, acc: 0000, samples: 4/1
display  D   display_settings.c:517  _al_score_display_settings       [   0.08168] Score is : 717
display  D   display_settings.c:202  debug_display_settings           [   0.08170] color: 32 (rgba 8880), depth: 24, stencil: 0, acc: 0000, samples: 5/1
display  D   display_settings.c:517  _al_score_display_settings       [   0.08174] Score is : 715
display  D   display_settings.c:202  debug_display_settings           [   0.08176] color: 32 (rgba 8880), depth: 24, stencil: 0, acc: 0000, samples: 6/1
display  D   display_settings.c:517  _al_score_display_settings       [   0.08180] Score is : 714
display  D   display_settings.c:202  debug_display_settings           [   0.08182] color: 32 (rgba 8880), depth: 24, stencil: 0, acc: 0000, samples: 7/1
display  D   display_settings.c:517  _al_score_display_settings       [   0.08186] Score is : 713
display  D   display_settings.c:202  debug_display_settings           [   0.08188] color: 32 (rgba 8880), depth: 24, stencil: 0, acc: 0000, samples: 8/1
display  D   display_settings.c:517  _al_score_display_settings       [   0.08192] Score is : 712
display  D   display_settings.c:202  debug_display_settings           [   0.08194] color: 32 (rgba 8880), depth: 16, stencil: 0, acc: 0000, samples: 0/0
display  D   display_settings.c:517  _al_score_display_settings       [   0.08201] Score is : 897
display  D   display_settings.c:202  debug_display_settings           [   0.08204] color: 32 (rgba 8880), depth: 16, stencil: 0, acc: 0000, samples: 0/0
display  D   display_settings.c:517  _al_score_display_settings       [   0.08208] Score is : 897
display  D   display_settings.c:202  debug_display_settings           [   0.08211] color: 32 (rgba 8880), depth: 16, stencil: 0, acc: 0000, samples: 2/1
display  D   display_settings.c:517  _al_score_display_settings       [   0.08215] Score is : 726
display  D   display_settings.c:202  debug_display_settings           [   0.08218] color: 32 (rgba 8880), depth: 16, stencil: 0, acc: 0000, samples: 3/1
display  D   display_settings.c:517  _al_score_display_settings       [   0.08222] Score is : 721
display  D   display_settings.c:202  debug_display_settings           [   0.08225] color: 32 (rgba 8880), depth: 16, stencil: 0, acc: 0000, samples: 4/1
display  D   display_settings.c:517  _al_score_display_settings       [   0.08229] Score is : 717
display  D   display_settings.c:202  debug_display_settings           [   0.08232] color: 32 (rgba 8880), depth: 16, stencil: 0, acc: 0000, samples: 5/1
display  D   display_settings.c:517  _al_score_display_settings       [   0.08236] Score is : 715
display  D   display_settings.c:202  debug_display_settings           [   0.08240] color: 32 (rgba 8880), depth: 16, stencil: 0, acc: 0000, samples: 6/1
display  D   display_settings.c:517  _al_score_display_settings       [   0.08243] Score is : 714
display  D   display_settings.c:202  debug_display_settings           [   0.08244] color: 32 (rgba 8880), depth: 16, stencil: 0, acc: 0000, samples: 7/1
display  D   display_settings.c:517  _al_score_display_settings       [   0.08247] Score is : 713
display  D   display_settings.c:202  debug_display_settings           [   0.08248] color: 32 (rgba 8880), depth: 16, stencil: 0, acc: 0000, samples: 8/1
display  D   display_settings.c:517  _al_score_display_settings       [   0.08250] Score is : 712
display  D   display_settings.c:202  debug_display_settings           [   0.08252] color: 16 (rgba 5650), depth: 0, stencil: 0, acc: 0000, samples: 0/0
display  D   display_settings.c:517  _al_score_display_settings       [   0.08254] Score is : 897
display  D   display_settings.c:202  debug_display_settings           [   0.08256] color: 16 (rgba 5650), depth: 0, stencil: 0, acc: 0000, samples: 0/0
display  D   display_settings.c:517  _al_score_display_settings       [   0.08258] Score is : 897
display  D   display_settings.c:202  debug_display_settings           [   0.08259] color: 16 (rgba 5650), depth: 0, stencil: 0, acc: 0000, samples: 2/1
display  D   display_settings.c:517  _al_score_display_settings       [   0.08261] Score is : 726
display  D   display_settings.c:202  debug_display_settings           [   0.08263] color: 16 (rgba 5650), depth: 0, stencil: 0, acc: 0000, samples: 3/1
display  D   display_settings.c:517  _al_score_display_settings       [   0.08266] Score is : 721
display  D   display_settings.c:202  debug_display_settings           [   0.08269] color: 16 (rgba 5650), depth: 0, stencil: 0, acc: 0000, samples: 4/1
display  D   display_settings.c:517  _al_score_display_settings       [   0.08273] Score is : 717
display  D   display_settings.c:202  debug_display_settings           [   0.08276] color: 16 (rgba 5650), depth: 0, stencil: 0, acc: 0000, samples: 5/1
display  D   display_settings.c:517  _al_score_display_settings       [   0.08280] Score is : 715
display  D   display_settings.c:202  debug_display_settings           [   0.08283] color: 16 (rgba 5650), depth: 0, stencil: 0, acc: 0000, samples: 6/1
display  D   display_settings.c:517  _al_score_display_settings       [   0.08287] Score is : 714
display  D   display_settings.c:202  debug_display_settings           [   0.08290] color: 16 (rgba 5650), depth: 0, stencil: 0, acc: 0000, samples: 7/1
display  D   display_settings.c:517  _al_score_display_settings       [   0.08293] Score is : 713
display  D   display_settings.c:202  debug_display_settings           [   0.08295] color: 16 (rgba 5650), depth: 0, stencil: 0, acc: 0000, samples: 8/1
display  D   display_settings.c:517  _al_score_display_settings       [   0.08297] Score is : 712
display  D   display_settings.c:202  debug_display_settings           [   0.08298] color: 16 (rgba 5650), depth: 24, stencil: 8, acc: 0000, samples: 0/0
display  D   display_settings.c:517  _al_score_display_settings       [   0.08301] Score is : 897
display  D   display_settings.c:202  debug_display_settings           [   0.08302] color: 16 (rgba 5650), depth: 24, stencil: 8, acc: 0000, samples: 0/0
display  D   display_settings.c:517  _al_score_display_settings       [   0.08304] Score is : 897
display  D   display_settings.c:202  debug_display_settings           [   0.08307] color: 16 (rgba 5650), depth: 24, stencil: 8, acc: 0000, samples: 2/1
display  D   display_settings.c:517  _al_score_display_settings       [   0.08309] Score is : 726
display  D   display_settings.c:202  debug_display_settings           [   0.08310] color: 16 (rgba 5650), depth: 24, stencil: 8, acc: 0000, samples: 3/1
display  D   display_settings.c:517  _al_score_display_settings       [   0.08313] Score is : 721
display  D   display_settings.c:202  debug_display_settings           [   0.08314] color: 16 (rgba 5650), depth: 24, stencil: 8, acc: 0000, samples: 4/1
display  D   display_settings.c:517  _al_score_display_settings       [   0.08316] Score is : 717
display  D   display_settings.c:202  debug_display_settings           [   0.08318] color: 16 (rgba 5650), depth: 24, stencil: 8, acc: 0000, samples: 5/1
display  D   display_settings.c:517  _al_score_display_settings       [   0.08320] Score is : 715
display  D   display_settings.c:202  debug_display_settings           [   0.08321] color: 16 (rgba 5650), depth: 24, stencil: 8, acc: 0000, samples: 6/1
display  D   display_settings.c:517  _al_score_display_settings       [   0.08324] Score is : 714
display  D   display_settings.c:202  debug_display_settings           [   0.08325] color: 16 (rgba 5650), depth: 24, stencil: 8, acc: 0000, samples: 7/1
display  D   display_settings.c:517  _al_score_display_settings       [   0.08327] Score is : 713
display  D   display_settings.c:202  debug_display_settings           [   0.08329] color: 16 (rgba 5650), depth: 24, stencil: 8, acc: 0000, samples: 8/1
display  D   display_settings.c:517  _al_score_display_settings       [   0.08331] Score is : 712
display  D   display_settings.c:202  debug_display_settings           [   0.08332] color: 16 (rgba 5650), depth: 24, stencil: 0, acc: 0000, samples: 0/0
display  D   display_settings.c:517  _al_score_display_settings       [   0.08334] Score is : 897
display  D   display_settings.c:202  debug_display_settings           [   0.08336] color: 16 (rgba 5650), depth: 24, stencil: 0, acc: 0000, samples: 0/0
display  D   display_settings.c:517  _al_score_display_settings       [   0.08338] Score is : 897
display  D   display_settings.c:202  debug_display_settings           [   0.08340] color: 16 (rgba 5650), depth: 24, stencil: 0, acc: 0000, samples: 2/1
display  D   display_settings.c:517  _al_score_display_settings       [   0.08342] Score is : 726
display  D   display_settings.c:202  debug_display_settings           [   0.08344] color: 16 (rgba 5650), depth: 24, stencil: 0, acc: 0000, samples: 3/1
display  D   display_settings.c:517  _al_score_display_settings       [   0.08347] Score is : 721
display  D   display_settings.c:202  debug_display_settings           [   0.08348] color: 16 (rgba 5650), depth: 24, stencil: 0, acc: 0000, samples: 4/1
display  D   display_settings.c:517  _al_score_display_settings       [   0.08350] Score is : 717
display  D   display_settings.c:202  debug_display_settings           [   0.08352] color: 16 (rgba 5650), depth: 24, stencil: 0, acc: 0000, samples: 5/1
display  D   display_settings.c:517  _al_score_display_settings       [   0.08357] Score is : 715
display  D   display_settings.c:202  debug_display_settings           [   0.08359] color: 16 (rgba 5650), depth: 24, stencil: 0, acc: 0000, samples: 6/1
display  D   display_settings.c:517  _al_score_display_settings       [   0.08361] Score is : 714
display  D   display_settings.c:202  debug_display_settings           [   0.08362] color: 16 (rgba 5650), depth: 24, stencil: 0, acc: 0000, samples: 7/1
display  D   display_settings.c:517  _al_score_display_settings       [   0.08365] Score is : 713
display  D   display_settings.c:202  debug_display_settings           [   0.08366] color: 16 (rgba 5650), depth: 24, stencil: 0, acc: 0000, samples: 8/1
display  D   display_settings.c:517  _al_score_display_settings       [   0.08368] Score is : 712
display  D   display_settings.c:202  debug_display_settings           [   0.08370] color: 16 (rgba 5650), depth: 16, stencil: 0, acc: 0000, samples: 0/0
display  D   display_settings.c:517  _al_score_display_settings       [   0.08372] Score is : 897
display  D   display_settings.c:202  debug_display_settings           [   0.08373] color: 16 (rgba 5650), depth: 16, stencil: 0, acc: 0000, samples: 0/0
display  D   display_settings.c:517  _al_score_display_settings       [   0.08376] Score is : 897
display  D   display_settings.c:202  debug_display_settings           [   0.08378] color: 16 (rgba 5650), depth: 16, stencil: 0, acc: 0000, samples: 2/1
display  D   display_settings.c:517  _al_score_display_settings       [   0.08380] Score is : 726
display  D   display_settings.c:202  debug_display_settings           [   0.08382] color: 16 (rgba 5650), depth: 16, stencil: 0, acc: 0000, samples: 3/1
display  D   display_settings.c:517  _al_score_display_settings       [   0.08384] Score is : 721
display  D   display_settings.c:202  debug_display_settings           [   0.08386] color: 16 (rgba 5650), depth: 16, stencil: 0, acc: 0000, samples: 4/1
display  D   display_settings.c:517  _al_score_display_settings       [   0.08388] Score is : 717
display  D   display_settings.c:202  debug_display_settings           [   0.08389] color: 16 (rgba 5650), depth: 16, stencil: 0, acc: 0000, samples: 5/1
display  D   display_settings.c:517  _al_score_display_settings       [   0.08392] Score is : 715
display  D   display_settings.c:202  debug_display_settings           [   0.08395] color: 16 (rgba 5650), depth: 16, stencil: 0, acc: 0000, samples: 6/1
display  D   display_settings.c:517  _al_score_display_settings       [   0.08397] Score is : 714
display  D   display_settings.c:202  debug_display_settings           [   0.08399] color: 16 (rgba 5650), depth: 16, stencil: 0, acc: 0000, samples: 7/1
display  D   display_settings.c:517  _al_score_display_settings       [   0.08401] Score is : 713
display  D   display_settings.c:202  debug_display_settings           [   0.08403] color: 16 (rgba 5650), depth: 16, stencil: 0, acc: 0000, samples: 8/1
display  D   display_settings.c:517  _al_score_display_settings       [   0.08405] Score is : 712
display  D   display_settings.c:202  debug_display_settings           [   0.08408] color: 32 (rgba 8880), depth: 0, stencil: 0, acc: 0000, samples: 0/0
display  D   display_settings.c:388  _al_score_display_settings       [   0.08410] Single Buffer requirement not met.
display  D   display_settings.c:202  debug_display_settings           [   0.08412] color: 32 (rgba 8880), depth: 0, stencil: 0, acc: 0000, samples: 0/0
display  D   display_settings.c:388  _al_score_display_settings       [   0.08414] Single Buffer requirement not met.
display  D   display_settings.c:202  debug_display_settings           [   0.08415] color: 32 (rgba 8880), depth: 0, stencil: 0, acc: 0000, samples: 2/1
display  D   display_settings.c:388  _al_score_display_settings       [   0.08418] Single Buffer requirement not met.
display  D   display_settings.c:202  debug_display_settings           [   0.08420] color: 32 (rgba 8880), depth: 0, stencil: 0, acc: 0000, samples: 3/1
display  D   display_settings.c:388  _al_score_display_settings       [   0.08425] Single Buffer requirement not met.
display  D   display_settings.c:202  debug_display_settings           [   0.08427] color: 32 (rgba 8880), depth: 0, stencil: 0, acc: 0000, samples: 4/1
display  D   display_settings.c:388  _al_score_display_settings       [   0.08429] Single Buffer requirement not met.
display  D   display_settings.c:202  debug_display_settings           [   0.08430] color: 32 (rgba 8880), depth: 0, stencil: 0, acc: 0000, samples: 5/1
display  D   display_settings.c:388  _al_score_display_settings       [   0.08433] Single Buffer requirement not met.
display  D   display_settings.c:202  debug_display_settings           [   0.08434] color: 32 (rgba 8880), depth: 0, stencil: 0, acc: 0000, samples: 6/1
display  D   display_settings.c:388  _al_score_display_settings       [   0.08436] Single Buffer requirement not met.
display  D   display_settings.c:202  debug_display_settings           [   0.08439] color: 32 (rgba 8880), depth: 0, stencil: 0, acc: 0000, samples: 7/1
display  D   display_settings.c:388  _al_score_display_settings       [   0.08441] Single Buffer requirement not met.
display  D   display_settings.c:202  debug_display_settings           [   0.08443] color: 32 (rgba 8880), depth: 0, stencil: 0, acc: 0000, samples: 8/1
display  D   display_settings.c:388  _al_score_display_settings       [   0.08445] Single Buffer requirement not met.
display  D   display_settings.c:202  debug_display_settings           [   0.08446] color: 32 (rgba 8880), depth: 24, stencil: 8, acc: 0000, samples: 0/0
display  D   display_settings.c:388  _al_score_display_settings       [   0.08448] Single Buffer requirement not met.
display  D   display_settings.c:202  debug_display_settings           [   0.08450] color: 32 (rgba 8880), depth: 24, stencil: 8, acc: 0000, samples: 0/0
display  D   display_settings.c:388  _al_score_display_settings       [   0.08452] Single Buffer requirement not met.
display  D   display_settings.c:202  debug_display_settings           [   0.08454] color: 32 (rgba 8880), depth: 24, stencil: 8, acc: 0000, samples: 2/1
display  D   display_settings.c:388  _al_score_display_settings       [   0.08456] Single Buffer requirement not met.
display  D   display_settings.c:202  debug_display_settings           [   0.08458] color: 32 (rgba 8880), depth: 24, stencil: 8, acc: 0000, samples: 3/1
display  D   display_settings.c:388  _al_score_display_settings       [   0.08460] Single Buffer requirement not met.
display  D   display_settings.c:202  debug_display_settings           [   0.08461] color: 32 (rgba 8880), depth: 24, stencil: 8, acc: 0000, samples: 4/1
display  D   display_settings.c:388  _al_score_display_settings       [   0.08463] Single Buffer requirement not met.
display  D   display_settings.c:202  debug_display_settings           [   0.08465] color: 32 (rgba 8880), depth: 24, stencil: 8, acc: 0000, samples: 5/1
display  D   display_settings.c:388  _al_score_display_settings       [   0.08467] Single Buffer requirement not met.
display  D   display_settings.c:202  debug_display_settings           [   0.08469] color: 32 (rgba 8880), depth: 24, stencil: 8, acc: 0000, samples: 6/1
display  D   display_settings.c:388  _al_score_display_settings       [   0.08471] Single Buffer requirement not met.
display  D   display_settings.c:202  debug_display_settings           [   0.08473] color: 32 (rgba 8880), depth: 24, stencil: 8, acc: 0000, samples: 7/1
display  D   display_settings.c:388  _al_score_display_settings       [   0.08475] Single Buffer requirement not met.
display  D   display_settings.c:202  debug_display_settings           [   0.08476] color: 32 (rgba 8880), depth: 24, stencil: 8, acc: 0000, samples: 8/1
display  D   display_settings.c:388  _al_score_display_settings       [   0.08478] Single Buffer requirement not met.
display  D   display_settings.c:202  debug_display_settings           [   0.08480] color: 32 (rgba 8880), depth: 24, stencil: 0, acc: 0000, samples: 0/0
display  D   display_settings.c:388  _al_score_display_settings       [   0.08484] Single Buffer requirement not met.
display  D   display_settings.c:202  debug_display_settings           [   0.08486] color: 32 (rgba 8880), depth: 24, stencil: 0, acc: 0000, samples: 0/0
display  D   display_settings.c:388  _al_score_display_settings       [   0.08488] Single Buffer requirement not met.
display  D   display_settings.c:202  debug_display_settings           [   0.08490] color: 32 (rgba 8880), depth: 24, stencil: 0, acc: 0000, samples: 2/1
display  D   display_settings.c:388  _al_score_display_settings       [   0.08492] Single Buffer requirement not met.
display  D   display_settings.c:202  debug_display_settings           [   0.08494] color: 32 (rgba 8880), depth: 24, stencil: 0, acc: 0000, samples: 3/1
display  D   display_settings.c:388  _al_score_display_settings       [   0.08496] Single Buffer requirement not met.
display  D   display_settings.c:202  debug_display_settings           [   0.08497] color: 32 (rgba 8880), depth: 24, stencil: 0, acc: 0000, samples: 4/1
display  D   display_settings.c:388  _al_score_display_settings       [   0.08499] Single Buffer requirement not met.
display  D   display_settings.c:202  debug_display_settings           [   0.08501] color: 32 (rgba 8880), depth: 24, stencil: 0, acc: 0000, samples: 5/1
display  D   display_settings.c:388  _al_score_display_settings       [   0.08503] Single Buffer requirement not met.
display  D   display_settings.c:202  debug_display_settings           [   0.08505] color: 32 (rgba 8880), depth: 24, stencil: 0, acc: 0000, samples: 6/1
display  D   display_settings.c:388  _al_score_display_settings       [   0.08507] Single Buffer requirement not met.
display  D   display_settings.c:202  debug_display_settings           [   0.08509] color: 32 (rgba 8880), depth: 24, stencil: 0, acc: 0000, samples: 7/1
display  D   display_settings.c:388  _al_score_display_settings       [   0.08511] Single Buffer requirement not met.
display  D   display_settings.c:202  debug_display_settings           [   0.08512] color: 32 (rgba 8880), depth: 24, stencil: 0, acc: 0000, samples: 8/1
display  D   display_settings.c:388  _al_score_display_settings       [   0.08514] Single Buffer requirement not met.
display  D   display_settings.c:202  debug_display_settings           [   0.08516] color: 32 (rgba 8880), depth: 16, stencil: 0, acc: 0000, samples: 0/0
display  D   display_settings.c:388  _al_score_display_settings       [   0.08518] Single Buffer requirement not met.
display  D   display_settings.c:202  debug_display_settings           [   0.08520] color: 32 (rgba 8880), depth: 16, stencil: 0, acc: 0000, samples: 0/0
display  D   display_settings.c:388  _al_score_display_settings       [   0.08522] Single Buffer requirement not met.
display  D   display_settings.c:202  debug_display_settings           [   0.08523] color: 32 (rgba 8880), depth: 16, stencil: 0, acc: 0000, samples: 2/1
display  D   display_settings.c:388  _al_score_display_settings       [   0.08526] Single Buffer requirement not met.
display  D   display_settings.c:202  debug_display_settings           [   0.08527] color: 32 (rgba 8880), depth: 16, stencil: 0, acc: 0000, samples: 3/1
display  D   display_settings.c:388  _al_score_display_settings       [   0.08529] Single Buffer requirement not met.
display  D   display_settings.c:202  debug_display_settings           [   0.08531] color: 32 (rgba 8880), depth: 16, stencil: 0, acc: 0000, samples: 4/1
display  D   display_settings.c:388  _al_score_display_settings       [   0.08533] Single Buffer requirement not met.
display  D   display_settings.c:202  debug_display_settings           [   0.08535] color: 32 (rgba 8880), depth: 16, stencil: 0, acc: 0000, samples: 5/1
display  D   display_settings.c:388  _al_score_display_settings       [   0.08537] Single Buffer requirement not met.
display  D   display_settings.c:202  debug_display_settings           [   0.08540] color: 32 (rgba 8880), depth: 16, stencil: 0, acc: 0000, samples: 6/1
display  D   display_settings.c:388  _al_score_display_settings       [   0.08546] Single Buffer requirement not met.
display  D   display_settings.c:202  debug_display_settings           [   0.08549] color: 32 (rgba 8880), depth: 16, stencil: 0, acc: 0000, samples: 7/1
display  D   display_settings.c:388  _al_score_display_settings       [   0.08552] Single Buffer requirement not met.
display  D   display_settings.c:202  debug_display_settings           [   0.08553] color: 32 (rgba 8880), depth: 16, stencil: 0, acc: 0000, samples: 8/1
display  D   display_settings.c:388  _al_score_display_settings       [   0.08555] Single Buffer requirement not met.
display  D   display_settings.c:202  debug_display_settings           [   0.08557] color: 16 (rgba 5650), depth: 0, stencil: 0, acc: 0000, samples: 0/0
display  D   display_settings.c:388  _al_score_display_settings       [   0.08559] Single Buffer requirement not met.
display  D   display_settings.c:202  debug_display_settings           [   0.08561] color: 16 (rgba 5650), depth: 0, stencil: 0, acc: 0000, samples: 0/0
display  D   display_settings.c:388  _al_score_display_settings       [   0.08563] Single Buffer requirement not met.
display  D   display_settings.c:202  debug_display_settings           [   0.08564] color: 16 (rgba 5650), depth: 0, stencil: 0, acc: 0000, samples: 2/1
display  D   display_settings.c:388  _al_score_display_settings       [   0.08567] Single Buffer requirement not met.
display  D   display_settings.c:202  debug_display_settings           [   0.08568] color: 16 (rgba 5650), depth: 0, stencil: 0, acc: 0000, samples: 3/1
display  D   display_settings.c:388  _al_score_display_settings       [   0.08570] Single Buffer requirement not met.
display  D   display_settings.c:202  debug_display_settings           [   0.08572] color: 16 (rgba 5650), depth: 0, stencil: 0, acc: 0000, samples: 4/1
display  D   display_settings.c:388  _al_score_display_settings       [   0.08574] Single Buffer requirement not met.
display  D   display_settings.c:202  debug_display_settings           [   0.08576] color: 16 (rgba 5650), depth: 0, stencil: 0, acc: 0000, samples: 5/1
display  D   display_settings.c:388  _al_score_display_settings       [   0.08578] Single Buffer requirement not met.
display  D   display_settings.c:202  debug_display_settings           [   0.08579] color: 16 (rgba 5650), depth: 0, stencil: 0, acc: 0000, samples: 6/1
display  D   display_settings.c:388  _al_score_display_settings       [   0.08581] Single Buffer requirement not met.
display  D   display_settings.c:202  debug_display_settings           [   0.08583] color: 16 (rgba 5650), depth: 0, stencil: 0, acc: 0000, samples: 7/1
display  D   display_settings.c:388  _al_score_display_settings       [   0.08585] Single Buffer requirement not met.
display  D   display_settings.c:202  debug_display_settings           [   0.08587] color: 16 (rgba 5650), depth: 0, stencil: 0, acc: 0000, samples: 8/1
display  D   display_settings.c:388  _al_score_display_settings       [   0.08589] Single Buffer requirement not met.
display  D   display_settings.c:202  debug_display_settings           [   0.08590] color: 16 (rgba 5650), depth: 24, stencil: 8, acc: 0000, samples: 0/0
display  D   display_settings.c:388  _al_score_display_settings       [   0.08592] Single Buffer requirement not met.
display  D   display_settings.c:202  debug_display_settings           [   0.08594] color: 16 (rgba 5650), depth: 24, stencil: 8, acc: 0000, samples: 0/0
display  D   display_settings.c:388  _al_score_display_settings       [   0.08596] Single Buffer requirement not met.
display  D   display_settings.c:202  debug_display_settings           [   0.08598] color: 16 (rgba 5650), depth: 24, stencil: 8, acc: 0000, samples: 2/1
display  D   display_settings.c:388  _al_score_display_settings       [   0.08600] Single Buffer requirement not met.
display  D   display_settings.c:202  debug_display_settings           [   0.08602] color: 16 (rgba 5650), depth: 24, stencil: 8, acc: 0000, samples: 3/1
display  D   display_settings.c:388  _al_score_display_settings       [   0.08604] Single Buffer requirement not met.
display  D   display_settings.c:202  debug_display_settings           [   0.08606] color: 16 (rgba 5650), depth: 24, stencil: 8, acc: 0000, samples: 4/1
display  D   display_settings.c:388  _al_score_display_settings       [   0.08608] Single Buffer requirement not met.
display  D   display_settings.c:202  debug_display_settings           [   0.08609] color: 16 (rgba 5650), depth: 24, stencil: 8, acc: 0000, samples: 5/1
display  D   display_settings.c:388  _al_score_display_settings       [   0.08611] Single Buffer requirement not met.
display  D   display_settings.c:202  debug_display_settings           [   0.08613] color: 16 (rgba 5650), depth: 24, stencil: 8, acc: 0000, samples: 6/1
display  D   display_settings.c:388  _al_score_display_settings       [   0.08615] Single Buffer requirement not met.
display  D   display_settings.c:202  debug_display_settings           [   0.08617] color: 16 (rgba 5650), depth: 24, stencil: 8, acc: 0000, samples: 7/1
display  D   display_settings.c:388  _al_score_display_settings       [   0.08619] Single Buffer requirement not met.
display  D   display_settings.c:202  debug_display_settings           [   0.08620] color: 16 (rgba 5650), depth: 24, stencil: 8, acc: 0000, samples: 8/1
display  D   display_settings.c:388  _al_score_display_settings       [   0.08623] Single Buffer requirement not met.
display  D   display_settings.c:202  debug_display_settings           [   0.08624] color: 16 (rgba 5650), depth: 24, stencil: 0, acc: 0000, samples: 0/0
display  D   display_settings.c:388  _al_score_display_settings       [   0.08626] Single Buffer requirement not met.
display  D   display_settings.c:202  debug_display_settings           [   0.08628] color: 16 (rgba 5650), depth: 24, stencil: 0, acc: 0000, samples: 0/0
display  D   display_settings.c:388  _al_score_display_settings       [   0.08630] Single Buffer requirement not met.
display  D   display_settings.c:202  debug_display_settings           [   0.08632] color: 16 (rgba 5650), depth: 24, stencil: 0, acc: 0000, samples: 2/1
display  D   display_settings.c:388  _al_score_display_settings       [   0.08634] Single Buffer requirement not met.
display  D   display_settings.c:202  debug_display_settings           [   0.08635] color: 16 (rgba 5650), depth: 24, stencil: 0, acc: 0000, samples: 3/1
display  D   display_settings.c:388  _al_score_display_settings       [   0.08638] Single Buffer requirement not met.
display  D   display_settings.c:202  debug_display_settings           [   0.08639] color: 16 (rgba 5650), depth: 24, stencil: 0, acc: 0000, samples: 4/1
display  D   display_settings.c:388  _al_score_display_settings       [   0.08641] Single Buffer requirement not met.
display  D   display_settings.c:202  debug_display_settings           [   0.08643] color: 16 (rgba 5650), depth: 24, stencil: 0, acc: 0000, samples: 5/1
display  D   display_settings.c:388  _al_score_display_settings       [   0.08645] Single Buffer requirement not met.
display  D   display_settings.c:202  debug_display_settings           [   0.08647] color: 16 (rgba 5650), depth: 24, stencil: 0, acc: 0000, samples: 6/1
display  D   display_settings.c:388  _al_score_display_settings       [   0.08649] Single Buffer requirement not met.
display  D   display_settings.c:202  debug_display_settings           [   0.08650] color: 16 (rgba 5650), depth: 24, stencil: 0, acc: 0000, samples: 7/1
display  D   display_settings.c:388  _al_score_display_settings       [   0.08652] Single Buffer requirement not met.
display  D   display_settings.c:202  debug_display_settings           [   0.08654] color: 16 (rgba 5650), depth: 24, stencil: 0, acc: 0000, samples: 8/1
display  D   display_settings.c:388  _al_score_display_settings       [   0.08656] Single Buffer requirement not met.
display  D   display_settings.c:202  debug_display_settings           [   0.08658] color: 16 (rgba 5650), depth: 16, stencil: 0, acc: 0000, samples: 0/0
display  D   display_settings.c:388  _al_score_display_settings       [   0.08660] Single Buffer requirement not met.
display  D   display_settings.c:202  debug_display_settings           [   0.08662] color: 16 (rgba 5650), depth: 16, stencil: 0, acc: 0000, samples: 0/0
display  D   display_settings.c:388  _al_score_display_settings       [   0.08664] Single Buffer requirement not met.
display  D   display_settings.c:202  debug_display_settings           [   0.08666] color: 16 (rgba 5650), depth: 16, stencil: 0, acc: 0000, samples: 2/1
display  D   display_settings.c:388  _al_score_display_settings       [   0.08668] Single Buffer requirement not met.
display  D   display_settings.c:202  debug_display_settings           [   0.08671] color: 16 (rgba 5650), depth: 16, stencil: 0, acc: 0000, samples: 3/1
display  D   display_settings.c:388  _al_score_display_settings       [   0.08673] Single Buffer requirement not met.
display  D   display_settings.c:202  debug_display_settings           [   0.08675] color: 16 (rgba 5650), depth: 16, stencil: 0, acc: 0000, samples: 4/1
display  D   display_settings.c:388  _al_score_display_settings       [   0.08677] Single Buffer requirement not met.
display  D   display_settings.c:202  debug_display_settings           [   0.08678] color: 16 (rgba 5650), depth: 16, stencil: 0, acc: 0000, samples: 5/1
display  D   display_settings.c:388  _al_score_display_settings       [   0.08680] Single Buffer requirement not met.
display  D   display_settings.c:202  debug_display_settings           [   0.08682] color: 16 (rgba 5650), depth: 16, stencil: 0, acc: 0000, samples: 6/1
display  D   display_settings.c:388  _al_score_display_settings       [   0.08684] Single Buffer requirement not met.
display  D   display_settings.c:202  debug_display_settings           [   0.08686] color: 16 (rgba 5650), depth: 16, stencil: 0, acc: 0000, samples: 7/1
display  D   display_settings.c:388  _al_score_display_settings       [   0.08688] Single Buffer requirement not met.
display  D   display_settings.c:202  debug_display_settings           [   0.08689] color: 16 (rgba 5650), depth: 16, stencil: 0, acc: 0000, samples: 8/1
display  D   display_settings.c:388  _al_score_display_settings       [   0.08691] Single Buffer requirement not met.
display  D   display_settings.c:202  debug_display_settings           [   0.08693] color: 32 (rgba 8880), depth: 0, stencil: 0, acc: 0000, samples: 0/0
display  D   display_settings.c:517  _al_score_display_settings       [   0.08695] Score is : 769
display  D   display_settings.c:202  debug_display_settings           [   0.08697] color: 32 (rgba 8880), depth: 0, stencil: 0, acc: 0000, samples: 0/0
display  D   display_settings.c:517  _al_score_display_settings       [   0.08699] Score is : 769
display  D   display_settings.c:202  debug_display_settings           [   0.08700] color: 32 (rgba 8880), depth: 0, stencil: 0, acc: 0000, samples: 2/1
display  D   display_settings.c:517  _al_score_display_settings       [   0.08703] Score is : 598
display  D   display_settings.c:202  debug_display_settings           [   0.08704] color: 32 (rgba 8880), depth: 0, stencil: 0, acc: 0000, samples: 3/1
display  D   display_settings.c:517  _al_score_display_settings       [   0.08706] Score is : 593
display  D   display_settings.c:202  debug_display_settings           [   0.08708] color: 32 (rgba 8880), depth: 0, stencil: 0, acc: 0000, samples: 4/1
display  D   display_settings.c:517  _al_score_display_settings       [   0.08710] Score is : 589
display  D   display_settings.c:202  debug_display_settings           [   0.08711] color: 32 (rgba 8880), depth: 0, stencil: 0, acc: 0000, samples: 5/1
display  D   display_settings.c:517  _al_score_display_settings       [   0.08713] Score is : 587
display  D   display_settings.c:202  debug_display_settings           [   0.08715] color: 32 (rgba 8880), depth: 0, stencil: 0, acc: 0000, samples: 6/1
display  D   display_settings.c:517  _al_score_display_settings       [   0.08717] Score is : 586
display  D   display_settings.c:202  debug_display_settings           [   0.08719] color: 32 (rgba 8880), depth: 0, stencil: 0, acc: 0000, samples: 7/1
display  D   display_settings.c:517  _al_score_display_settings       [   0.08721] Score is : 585
display  D   display_settings.c:202  debug_display_settings           [   0.08723] color: 32 (rgba 8880), depth: 0, stencil: 0, acc: 0000, samples: 8/1
display  D   display_settings.c:517  _al_score_display_settings       [   0.08725] Score is : 584
display  D   display_settings.c:202  debug_display_settings           [   0.08726] color: 32 (rgba 8880), depth: 24, stencil: 8, acc: 0000, samples: 0/0
display  D   display_settings.c:517  _al_score_display_settings       [   0.08728] Score is : 769
display  D   display_settings.c:202  debug_display_settings           [   0.08730] color: 32 (rgba 8880), depth: 24, stencil: 8, acc: 0000, samples: 0/0
display  D   display_settings.c:517  _al_score_display_settings       [   0.08732] Score is : 769
display  D   display_settings.c:202  debug_display_settings           [   0.08734] color: 32 (rgba 8880), depth: 24, stencil: 8, acc: 0000, samples: 2/1
display  D   display_settings.c:517  _al_score_display_settings       [   0.08736] Score is : 598
display  D   display_settings.c:202  debug_display_settings           [   0.08738] color: 32 (rgba 8880), depth: 24, stencil: 8, acc: 0000, samples: 3/1
display  D   display_settings.c:517  _al_score_display_settings       [   0.08740] Score is : 593
display  D   display_settings.c:202  debug_display_settings           [   0.08742] color: 32 (rgba 8880), depth: 24, stencil: 8, acc: 0000, samples: 4/1
display  D   display_settings.c:517  _al_score_display_settings       [   0.08744] Score is : 589
display  D   display_settings.c:202  debug_display_settings           [   0.08746] color: 32 (rgba 8880), depth: 24, stencil: 8, acc: 0000, samples: 5/1
display  D   display_settings.c:517  _al_score_display_settings       [   0.08748] Score is : 587
display  D   display_settings.c:202  debug_display_settings           [   0.08749] color: 32 (rgba 8880), depth: 24, stencil: 8, acc: 0000, samples: 6/1
display  D   display_settings.c:517  _al_score_display_settings       [   0.08751] Score is : 586
display  D   display_settings.c:202  debug_display_settings           [   0.08753] color: 32 (rgba 8880), depth: 24, stencil: 8, acc: 0000, samples: 7/1
display  D   display_settings.c:517  _al_score_display_settings       [   0.08755] Score is : 585
display  D   display_settings.c:202  debug_display_settings           [   0.08757] color: 32 (rgba 8880), depth: 24, stencil: 8, acc: 0000, samples: 8/1
display  D   display_settings.c:517  _al_score_display_settings       [   0.08759] Score is : 584
display  D   display_settings.c:202  debug_display_settings           [   0.08760] color: 32 (rgba 8880), depth: 24, stencil: 0, acc: 0000, samples: 0/0
display  D   display_settings.c:517  _al_score_display_settings       [   0.08762] Score is : 769
display  D   display_settings.c:202  debug_display_settings           [   0.08764] color: 32 (rgba 8880), depth: 24, stencil: 0, acc: 0000, samples: 0/0
display  D   display_settings.c:517  _al_score_display_settings       [   0.08766] Score is : 769
display  D   display_settings.c:202  debug_display_settings           [   0.08767] color: 32 (rgba 8880), depth: 24, stencil: 0, acc: 0000, samples: 2/1
display  D   display_settings.c:517  _al_score_display_settings       [   0.08770] Score is : 598
display  D   display_settings.c:202  debug_display_settings           [   0.08771] color: 32 (rgba 8880), depth: 24, stencil: 0, acc: 0000, samples: 3/1
display  D   display_settings.c:517  _al_score_display_settings       [   0.08773] Score is : 593
display  D   display_settings.c:202  debug_display_settings           [   0.08775] color: 32 (rgba 8880), depth: 24, stencil: 0, acc: 0000, samples: 4/1
display  D   display_settings.c:517  _al_score_display_settings       [   0.08777] Score is : 589
display  D   display_settings.c:202  debug_display_settings           [   0.08778] color: 32 (rgba 8880), depth: 24, stencil: 0, acc: 0000, samples: 5/1
display  D   display_settings.c:517  _al_score_display_settings       [   0.08781] Score is : 587
display  D   display_settings.c:202  debug_display_settings           [   0.08782] color: 32 (rgba 8880), depth: 24, stencil: 0, acc: 0000, samples: 6/1
display  D   display_settings.c:517  _al_score_display_settings       [   0.08784] Score is : 586
display  D   display_settings.c:202  debug_display_settings           [   0.08786] color: 32 (rgba 8880), depth: 24, stencil: 0, acc: 0000, samples: 7/1
display  D   display_settings.c:517  _al_score_display_settings       [   0.08788] Score is : 585
display  D   display_settings.c:202  debug_display_settings           [   0.08789] color: 32 (rgba 8880), depth: 24, stencil: 0, acc: 0000, samples: 8/1
display  D   display_settings.c:517  _al_score_display_settings       [   0.08792] Score is : 584
display  D   display_settings.c:202  debug_display_settings           [   0.08793] color: 32 (rgba 8880), depth: 16, stencil: 0, acc: 0000, samples: 0/0
display  D   display_settings.c:517  _al_score_display_settings       [   0.08795] Score is : 769
display  D   display_settings.c:202  debug_display_settings           [   0.08797] color: 32 (rgba 8880), depth: 16, stencil: 0, acc: 0000, samples: 0/0
display  D   display_settings.c:517  _al_score_display_settings       [   0.08799] Score is : 769
display  D   display_settings.c:202  debug_display_settings           [   0.08800] color: 32 (rgba 8880), depth: 16, stencil: 0, acc: 0000, samples: 2/1
display  D   display_settings.c:517  _al_score_display_settings       [   0.08803] Score is : 598
display  D   display_settings.c:202  debug_display_settings           [   0.08804] color: 32 (rgba 8880), depth: 16, stencil: 0, acc: 0000, samples: 3/1
display  D   display_settings.c:517  _al_score_display_settings       [   0.08806] Score is : 593
display  D   display_settings.c:202  debug_display_settings           [   0.08808] color: 32 (rgba 8880), depth: 16, stencil: 0, acc: 0000, samples: 4/1
display  D   display_settings.c:517  _al_score_display_settings       [   0.08810] Score is : 589
display  D   display_settings.c:202  debug_display_settings           [   0.08811] color: 32 (rgba 8880), depth: 16, stencil: 0, acc: 0000, samples: 5/1
display  D   display_settings.c:517  _al_score_display_settings       [   0.08814] Score is : 587
display  D   display_settings.c:202  debug_display_settings           [   0.08815] color: 32 (rgba 8880), depth: 16, stencil: 0, acc: 0000, samples: 6/1
display  D   display_settings.c:517  _al_score_display_settings       [   0.08817] Score is : 586
display  D   display_settings.c:202  debug_display_settings           [   0.08819] color: 32 (rgba 8880), depth: 16, stencil: 0, acc: 0000, samples: 7/1
display  D   display_settings.c:517  _al_score_display_settings       [   0.08821] Score is : 585
display  D   display_settings.c:202  debug_display_settings           [   0.08822] color: 32 (rgba 8880), depth: 16, stencil: 0, acc: 0000, samples: 8/1
display  D   display_settings.c:517  _al_score_display_settings       [   0.08825] Score is : 584
display  D   display_settings.c:202  debug_display_settings           [   0.08826] color: 16 (rgba 5650), depth: 0, stencil: 0, acc: 0000, samples: 0/0
display  D   display_settings.c:517  _al_score_display_settings       [   0.08828] Score is : 769
display  D   display_settings.c:202  debug_display_settings           [   0.08830] color: 16 (rgba 5650), depth: 0, stencil: 0, acc: 0000, samples: 0/0
display  D   display_settings.c:517  _al_score_display_settings       [   0.08832] Score is : 769
display  D   display_settings.c:202  debug_display_settings           [   0.08833] color: 16 (rgba 5650), depth: 0, stencil: 0, acc: 0000, samples: 2/1
display  D   display_settings.c:517  _al_score_display_settings       [   0.08835] Score is : 598
display  D   display_settings.c:202  debug_display_settings           [   0.08837] color: 16 (rgba 5650), depth: 0, stencil: 0, acc: 0000, samples: 3/1
display  D   display_settings.c:517  _al_score_display_settings       [   0.08839] Score is : 593
display  D   display_settings.c:202  debug_display_settings           [   0.08841] color: 16 (rgba 5650), depth: 0, stencil: 0, acc: 0000, samples: 4/1
display  D   display_settings.c:517  _al_score_display_settings       [   0.08843] Score is : 589
display  D   display_settings.c:202  debug_display_settings           [   0.08845] color: 16 (rgba 5650), depth: 0, stencil: 0, acc: 0000, samples: 5/1
display  D   display_settings.c:517  _al_score_display_settings       [   0.08847] Score is : 587
display  D   display_settings.c:202  debug_display_settings           [   0.08848] color: 16 (rgba 5650), depth: 0, stencil: 0, acc: 0000, samples: 6/1
display  D   display_settings.c:517  _al_score_display_settings       [   0.08850] Score is : 586
display  D   display_settings.c:202  debug_display_settings           [   0.08852] color: 16 (rgba 5650), depth: 0, stencil: 0, acc: 0000, samples: 7/1
display  D   display_settings.c:517  _al_score_display_settings       [   0.08854] Score is : 585
display  D   display_settings.c:202  debug_display_settings           [   0.08856] color: 16 (rgba 5650), depth: 0, stencil: 0, acc: 0000, samples: 8/1
display  D   display_settings.c:517  _al_score_display_settings       [   0.08858] Score is : 584
display  D   display_settings.c:202  debug_display_settings           [   0.08859] color: 16 (rgba 5650), depth: 24, stencil: 8, acc: 0000, samples: 0/0
display  D   display_settings.c:517  _al_score_display_settings       [   0.08861] Score is : 769
display  D   display_settings.c:202  debug_display_settings           [   0.08863] color: 16 (rgba 5650), depth: 24, stencil: 8, acc: 0000, samples: 0/0
display  D   display_settings.c:517  _al_score_display_settings       [   0.08865] Score is : 769
display  D   display_settings.c:202  debug_display_settings           [   0.08866] color: 16 (rgba 5650), depth: 24, stencil: 8, acc: 0000, samples: 2/1
display  D   display_settings.c:517  _al_score_display_settings       [   0.08869] Score is : 598
display  D   display_settings.c:202  debug_display_settings           [   0.08870] color: 16 (rgba 5650), depth: 24, stencil: 8, acc: 0000, samples: 3/1
display  D   display_settings.c:517  _al_score_display_settings       [   0.08872] Score is : 593
display  D   display_settings.c:202  debug_display_settings           [   0.08874] color: 16 (rgba 5650), depth: 24, stencil: 8, acc: 0000, samples: 4/1
display  D   display_settings.c:517  _al_score_display_settings       [   0.08876] Score is : 589
display  D   display_settings.c:202  debug_display_settings           [   0.08877] color: 16 (rgba 5650), depth: 24, stencil: 8, acc: 0000, samples: 5/1
display  D   display_settings.c:517  _al_score_display_settings       [   0.08879] Score is : 587
display  D   display_settings.c:202  debug_display_settings           [   0.08881] color: 16 (rgba 5650), depth: 24, stencil: 8, acc: 0000, samples: 6/1
display  D   display_settings.c:517  _al_score_display_settings       [   0.08883] Score is : 586
display  D   display_settings.c:202  debug_display_settings           [   0.08885] color: 16 (rgba 5650), depth: 24, stencil: 8, acc: 0000, samples: 7/1
display  D   display_settings.c:517  _al_score_display_settings       [   0.08887] Score is : 585
display  D   display_settings.c:202  debug_display_settings           [   0.08888] color: 16 (rgba 5650), depth: 24, stencil: 8, acc: 0000, samples: 8/1
display  D   display_settings.c:517  _al_score_display_settings       [   0.08890] Score is : 584
display  D   display_settings.c:202  debug_display_settings           [   0.08892] color: 16 (rgba 5650), depth: 24, stencil: 0, acc: 0000, samples: 0/0
display  D   display_settings.c:517  _al_score_display_settings       [   0.08894] Score is : 769
display  D   display_settings.c:202  debug_display_settings           [   0.08896] color: 16 (rgba 5650), depth: 24, stencil: 0, acc: 0000, samples: 0/0
display  D   display_settings.c:517  _al_score_display_settings       [   0.08898] Score is : 769
display  D   display_settings.c:202  debug_display_settings           [   0.08899] color: 16 (rgba 5650), depth: 24, stencil: 0, acc: 0000, samples: 2/1
display  D   display_settings.c:517  _al_score_display_settings       [   0.08902] Score is : 598
display  D   display_settings.c:202  debug_display_settings           [   0.08903] color: 16 (rgba 5650), depth: 24, stencil: 0, acc: 0000, samples: 3/1
display  D   display_settings.c:517  _al_score_display_settings       [   0.08905] Score is : 593
display  D   display_settings.c:202  debug_display_settings           [   0.08907] color: 16 (rgba 5650), depth: 24, stencil: 0, acc: 0000, samples: 4/1
display  D   display_settings.c:517  _al_score_display_settings       [   0.08909] Score is : 589
display  D   display_settings.c:202  debug_display_settings           [   0.08910] color: 16 (rgba 5650), depth: 24, stencil: 0, acc: 0000, samples: 5/1
display  D   display_settings.c:517  _al_score_display_settings       [   0.08913] Score is : 587
display  D   display_settings.c:202  debug_display_settings           [   0.08914] color: 16 (rgba 5650), depth: 24, stencil: 0, acc: 0000, samples: 6/1
display  D   display_settings.c:517  _al_score_display_settings       [   0.08916] Score is : 586
display  D   display_settings.c:202  debug_display_settings           [   0.08918] color: 16 (rgba 5650), depth: 24, stencil: 0, acc: 0000, samples: 7/1
display  D   display_settings.c:517  _al_score_display_settings       [   0.08920] Score is : 585
display  D   display_settings.c:202  debug_display_settings           [   0.08921] color: 16 (rgba 5650), depth: 24, stencil: 0, acc: 0000, samples: 8/1
display  D   display_settings.c:517  _al_score_display_settings       [   0.08923] Score is : 584
display  D   display_settings.c:202  debug_display_settings           [   0.08925] color: 16 (rgba 5650), depth: 16, stencil: 0, acc: 0000, samples: 0/0
display  D   display_settings.c:517  _al_score_display_settings       [   0.08927] Score is : 769
display  D   display_settings.c:202  debug_display_settings           [   0.08929] color: 16 (rgba 5650), depth: 16, stencil: 0, acc: 0000, samples: 0/0
display  D   display_settings.c:517  _al_score_display_settings       [   0.08931] Score is : 769
display  D   display_settings.c:202  debug_display_settings           [   0.08932] color: 16 (rgba 5650), depth: 16, stencil: 0, acc: 0000, samples: 2/1
display  D   display_settings.c:517  _al_score_display_settings       [   0.08934] Score is : 598
display  D   display_settings.c:202  debug_display_settings           [   0.08936] color: 16 (rgba 5650), depth: 16, stencil: 0, acc: 0000, samples: 3/1
display  D   display_settings.c:517  _al_score_display_settings       [   0.08938] Score is : 593
display  D   display_settings.c:202  debug_display_settings           [   0.08940] color: 16 (rgba 5650), depth: 16, stencil: 0, acc: 0000, samples: 4/1
display  D   display_settings.c:517  _al_score_display_settings       [   0.08942] Score is : 589
display  D   display_settings.c:202  debug_display_settings           [   0.08943] color: 16 (rgba 5650), depth: 16, stencil: 0, acc: 0000, samples: 5/1
display  D   display_settings.c:517  _al_score_display_settings       [   0.08945] Score is : 587
display  D   display_settings.c:202  debug_display_settings           [   0.08947] color: 16 (rgba 5650), depth: 16, stencil: 0, acc: 0000, samples: 6/1
display  D   display_settings.c:517  _al_score_display_settings       [   0.08949] Score is : 586
display  D   display_settings.c:202  debug_display_settings           [   0.08951] color: 16 (rgba 5650), depth: 16, stencil: 0, acc: 0000, samples: 7/1
display  D   display_settings.c:517  _al_score_display_settings       [   0.08953] Score is : 585
display  D   display_settings.c:202  debug_display_settings           [   0.08954] color: 16 (rgba 5650), depth: 16, stencil: 0, acc: 0000, samples: 8/1
display  D   display_settings.c:517  _al_score_display_settings       [   0.08956] Score is : 584
display  D   display_settings.c:202  debug_display_settings           [   0.08958] color: 32 (rgba 8880), depth: 0, stencil: 0, acc: 0000, samples: 0/0
display  D   display_settings.c:388  _al_score_display_settings       [   0.08960] Single Buffer requirement not met.
display  D   display_settings.c:202  debug_display_settings           [   0.08962] color: 32 (rgba 8880), depth: 0, stencil: 0, acc: 0000, samples: 0/0
display  D   display_settings.c:388  _al_score_display_settings       [   0.08964] Single Buffer requirement not met.
display  D   display_settings.c:202  debug_display_settings           [   0.08966] color: 32 (rgba 8880), depth: 0, stencil: 0, acc: 0000, samples: 2/1
display  D   display_settings.c:388  _al_score_display_settings       [   0.08968] Single Buffer requirement not met.
display  D   display_settings.c:202  debug_display_settings           [   0.08969] color: 32 (rgba 8880), depth: 0, stencil: 0, acc: 0000, samples: 3/1
display  D   display_settings.c:388  _al_score_display_settings       [   0.08971] Single Buffer requirement not met.
display  D   display_settings.c:202  debug_display_settings           [   0.08973] color: 32 (rgba 8880), depth: 0, stencil: 0, acc: 0000, samples: 4/1
display  D   display_settings.c:388  _al_score_display_settings       [   0.08975] Single Buffer requirement not met.
display  D   display_settings.c:202  debug_display_settings           [   0.08977] color: 32 (rgba 8880), depth: 0, stencil: 0, acc: 0000, samples: 5/1
display  D   display_settings.c:388  _al_score_display_settings       [   0.08979] Single Buffer requirement not met.
display  D   display_settings.c:202  debug_display_settings           [   0.08980] color: 32 (rgba 8880), depth: 0, stencil: 0, acc: 0000, samples: 6/1
display  D   display_settings.c:388  _al_score_display_settings       [   0.08983] Single Buffer requirement not met.
display  D   display_settings.c:202  debug_display_settings           [   0.08984] color: 32 (rgba 8880), depth: 0, stencil: 0, acc: 0000, samples: 7/1
display  D   display_settings.c:388  _al_score_display_settings       [   0.08986] Single Buffer requirement not met.
display  D   display_settings.c:202  debug_display_settings           [   0.08988] color: 32 (rgba 8880), depth: 0, stencil: 0, acc: 0000, samples: 8/1
display  D   display_settings.c:388  _al_score_display_settings       [   0.08990] Single Buffer requirement not met.
display  D   display_settings.c:202  debug_display_settings           [   0.08992] color: 32 (rgba 8880), depth: 24, stencil: 8, acc: 0000, samples: 0/0
display  D   display_settings.c:388  _al_score_display_settings       [   0.08994] Single Buffer requirement not met.
display  D   display_settings.c:202  debug_display_settings           [   0.08997] color: 32 (rgba 8880), depth: 24, stencil: 8, acc: 0000, samples: 0/0
display  D   display_settings.c:388  _al_score_display_settings       [   0.09000] Single Buffer requirement not met.
display  D   display_settings.c:202  debug_display_settings           [   0.09002] color: 32 (rgba 8880), depth: 24, stencil: 8, acc: 0000, samples: 2/1
display  D   display_settings.c:388  _al_score_display_settings       [   0.09004] Single Buffer requirement not met.
display  D   display_settings.c:202  debug_display_settings           [   0.09005] color: 32 (rgba 8880), depth: 24, stencil: 8, acc: 0000, samples: 3/1
display  D   display_settings.c:388  _al_score_display_settings       [   0.09007] Single Buffer requirement not met.
display  D   display_settings.c:202  debug_display_settings           [   0.09009] color: 32 (rgba 8880), depth: 24, stencil: 8, acc: 0000, samples: 4/1
display  D   display_settings.c:388  _al_score_display_settings       [   0.09011] Single Buffer requirement not met.
display  D   display_settings.c:202  debug_display_settings           [   0.09013] color: 32 (rgba 8880), depth: 24, stencil: 8, acc: 0000, samples: 5/1
display  D   display_settings.c:388  _al_score_display_settings       [   0.09017] Single Buffer requirement not met.
display  D   display_settings.c:202  debug_display_settings           [   0.09020] color: 32 (rgba 8880), depth: 24, stencil: 8, acc: 0000, samples: 6/1
display  D   display_settings.c:388  _al_score_display_settings       [   0.09023] Single Buffer requirement not met.
display  D   display_settings.c:202  debug_display_settings           [   0.09025] color: 32 (rgba 8880), depth: 24, stencil: 8, acc: 0000, samples: 7/1
display  D   display_settings.c:388  _al_score_display_settings       [   0.09027] Single Buffer requirement not met.
display  D   display_settings.c:202  debug_display_settings           [   0.09029] color: 32 (rgba 8880), depth: 24, stencil: 8, acc: 0000, samples: 8/1
display  D   display_settings.c:388  _al_score_display_settings       [   0.09031] Single Buffer requirement not met.
display  D   display_settings.c:202  debug_display_settings           [   0.09033] color: 32 (rgba 8880), depth: 24, stencil: 0, acc: 0000, samples: 0/0
display  D   display_settings.c:388  _al_score_display_settings       [   0.09036] Single Buffer requirement not met.
display  D   display_settings.c:202  debug_display_settings           [   0.09038] color: 32 (rgba 8880), depth: 24, stencil: 0, acc: 0000, samples: 0/0
display  D   display_settings.c:388  _al_score_display_settings       [   0.09040] Single Buffer requirement not met.
display  D   display_settings.c:202  debug_display_settings           [   0.09041] color: 32 (rgba 8880), depth: 24, stencil: 0, acc: 0000, samples: 2/1
display  D   display_settings.c:388  _al_score_display_settings       [   0.09043] Single Buffer requirement not met.
display  D   display_settings.c:202  debug_display_settings           [   0.09045] color: 32 (rgba 8880), depth: 24, stencil: 0, acc: 0000, samples: 3/1
display  D   display_settings.c:388  _al_score_display_settings       [   0.09048] Single Buffer requirement not met.
display  D   display_settings.c:202  debug_display_settings           [   0.09050] color: 32 (rgba 8880), depth: 24, stencil: 0, acc: 0000, samples: 4/1
display  D   display_settings.c:388  _al_score_display_settings       [   0.09052] Single Buffer requirement not met.
display  D   display_settings.c:202  debug_display_settings           [   0.09054] color: 32 (rgba 8880), depth: 24, stencil: 0, acc: 0000, samples: 5/1
display  D   display_settings.c:388  _al_score_display_settings       [   0.09056] Single Buffer requirement not met.
display  D   display_settings.c:202  debug_display_settings           [   0.09058] color: 32 (rgba 8880), depth: 24, stencil: 0, acc: 0000, samples: 6/1
display  D   display_settings.c:388  _al_score_display_settings       [   0.09060] Single Buffer requirement not met.
display  D   display_settings.c:202  debug_display_settings           [   0.09062] color: 32 (rgba 8880), depth: 24, stencil: 0, acc: 0000, samples: 7/1
display  D   display_settings.c:388  _al_score_display_settings       [   0.09064] Single Buffer requirement not met.
display  D   display_settings.c:202  debug_display_settings           [   0.09065] color: 32 (rgba 8880), depth: 24, stencil: 0, acc: 0000, samples: 8/1
display  D   display_settings.c:388  _al_score_display_settings       [   0.09067] Single Buffer requirement not met.
display  D   display_settings.c:202  debug_display_settings           [   0.09069] color: 32 (rgba 8880), depth: 16, stencil: 0, acc: 0000, samples: 0/0
display  D   display_settings.c:388  _al_score_display_settings       [   0.09071] Single Buffer requirement not met.
display  D   display_settings.c:202  debug_display_settings           [   0.09073] color: 32 (rgba 8880), depth: 16, stencil: 0, acc: 0000, samples: 0/0
display  D   display_settings.c:388  _al_score_display_settings       [   0.09075] Single Buffer requirement not met.
display  D   display_settings.c:202  debug_display_settings           [   0.09076] color: 32 (rgba 8880), depth: 16, stencil: 0, acc: 0000, samples: 2/1
display  D   display_settings.c:388  _al_score_display_settings       [   0.09078] Single Buffer requirement not met.
display  D   display_settings.c:202  debug_display_settings           [   0.09080] color: 32 (rgba 8880), depth: 16, stencil: 0, acc: 0000, samples: 3/1
display  D   display_settings.c:388  _al_score_display_settings       [   0.09083] Single Buffer requirement not met.
display  D   display_settings.c:202  debug_display_settings           [   0.09084] color: 32 (rgba 8880), depth: 16, stencil: 0, acc: 0000, samples: 4/1
display  D   display_settings.c:388  _al_score_display_settings       [   0.09086] Single Buffer requirement not met.
display  D   display_settings.c:202  debug_display_settings           [   0.09088] color: 32 (rgba 8880), depth: 16, stencil: 0, acc: 0000, samples: 5/1
display  D   display_settings.c:388  _al_score_display_settings       [   0.09090] Single Buffer requirement not met.
display  D   display_settings.c:202  debug_display_settings           [   0.09092] color: 32 (rgba 8880), depth: 16, stencil: 0, acc: 0000, samples: 6/1
display  D   display_settings.c:388  _al_score_display_settings       [   0.09094] Single Buffer requirement not met.
display  D   display_settings.c:202  debug_display_settings           [   0.09095] color: 32 (rgba 8880), depth: 16, stencil: 0, acc: 0000, samples: 7/1
display  D   display_settings.c:388  _al_score_display_settings       [   0.09097] Single Buffer requirement not met.
display  D   display_settings.c:202  debug_display_settings           [   0.09099] color: 32 (rgba 8880), depth: 16, stencil: 0, acc: 0000, samples: 8/1
display  D   display_settings.c:388  _al_score_display_settings       [   0.09101] Single Buffer requirement not met.
display  D   display_settings.c:202  debug_display_settings           [   0.09103] color: 16 (rgba 5650), depth: 0, stencil: 0, acc: 0000, samples: 0/0
display  D   display_settings.c:388  _al_score_display_settings       [   0.09105] Single Buffer requirement not met.
display  D   display_settings.c:202  debug_display_settings           [   0.09107] color: 16 (rgba 5650), depth: 0, stencil: 0, acc: 0000, samples: 0/0
display  D   display_settings.c:388  _al_score_display_settings       [   0.09109] Single Buffer requirement not met.
display  D   display_settings.c:202  debug_display_settings           [   0.09110] color: 16 (rgba 5650), depth: 0, stencil: 0, acc: 0000, samples: 2/1
display  D   display_settings.c:388  _al_score_display_settings       [   0.09112] Single Buffer requirement not met.
display  D   display_settings.c:202  debug_display_settings           [   0.09114] color: 16 (rgba 5650), depth: 0, stencil: 0, acc: 0000, samples: 3/1
display  D   display_settings.c:388  _al_score_display_settings       [   0.09116] Single Buffer requirement not met.
display  D   display_settings.c:202  debug_display_settings           [   0.09118] color: 16 (rgba 5650), depth: 0, stencil: 0, acc: 0000, samples: 4/1
display  D   display_settings.c:388  _al_score_display_settings       [   0.09120] Single Buffer requirement not met.
display  D   display_settings.c:202  debug_display_settings           [   0.09121] color: 16 (rgba 5650), depth: 0, stencil: 0, acc: 0000, samples: 5/1
display  D   display_settings.c:388  _al_score_display_settings       [   0.09123] Single Buffer requirement not met.
display  D   display_settings.c:202  debug_display_settings           [   0.09125] color: 16 (rgba 5650), depth: 0, stencil: 0, acc: 0000, samples: 6/1
display  D   display_settings.c:388  _al_score_display_settings       [   0.09127] Single Buffer requirement not met.
display  D   display_settings.c:202  debug_display_settings           [   0.09129] color: 16 (rgba 5650), depth: 0, stencil: 0, acc: 0000, samples: 7/1
display  D   display_settings.c:388  _al_score_display_settings       [   0.09131] Single Buffer requirement not met.
display  D   display_settings.c:202  debug_display_settings           [   0.09133] color: 16 (rgba 5650), depth: 0, stencil: 0, acc: 0000, samples: 8/1
display  D   display_settings.c:388  _al_score_display_settings       [   0.09135] Single Buffer requirement not met.
display  D   display_settings.c:202  debug_display_settings           [   0.09136] color: 16 (rgba 5650), depth: 24, stencil: 8, acc: 0000, samples: 0/0
display  D   display_settings.c:388  _al_score_display_settings       [   0.09139] Single Buffer requirement not met.
display  D   display_settings.c:202  debug_display_settings           [   0.09140] color: 16 (rgba 5650), depth: 24, stencil: 8, acc: 0000, samples: 0/0
display  D   display_settings.c:388  _al_score_display_settings       [   0.09143] Single Buffer requirement not met.
display  D   display_settings.c:202  debug_display_settings           [   0.09144] color: 16 (rgba 5650), depth: 24, stencil: 8, acc: 0000, samples: 2/1
display  D   display_settings.c:388  _al_score_display_settings       [   0.09146] Single Buffer requirement not met.
display  D   display_settings.c:202  debug_display_settings           [   0.09148] color: 16 (rgba 5650), depth: 24, stencil: 8, acc: 0000, samples: 3/1
display  D   display_settings.c:388  _al_score_display_settings       [   0.09150] Single Buffer requirement not met.
display  D   display_settings.c:202  debug_display_settings           [   0.09152] color: 16 (rgba 5650), depth: 24, stencil: 8, acc: 0000, samples: 4/1
display  D   display_settings.c:388  _al_score_display_settings       [   0.09154] Single Buffer requirement not met.
display  D   display_settings.c:202  debug_display_settings           [   0.09156] color: 16 (rgba 5650), depth: 24, stencil: 8, acc: 0000, samples: 5/1
display  D   display_settings.c:388  _al_score_display_settings       [   0.09158] Single Buffer requirement not met.
display  D   display_settings.c:202  debug_display_settings           [   0.09159] color: 16 (rgba 5650), depth: 24, stencil: 8, acc: 0000, samples: 6/1
display  D   display_settings.c:388  _al_score_display_settings       [   0.09162] Single Buffer requirement not met.
display  D   display_settings.c:202  debug_display_settings           [   0.09163] color: 16 (rgba 5650), depth: 24, stencil: 8, acc: 0000, samples: 7/1
display  D   display_settings.c:388  _al_score_display_settings       [   0.09165] Single Buffer requirement not met.
display  D   display_settings.c:202  debug_display_settings           [   0.09167] color: 16 (rgba 5650), depth: 24, stencil: 8, acc: 0000, samples: 8/1
display  D   display_settings.c:388  _al_score_display_settings       [   0.09169] Single Buffer requirement not met.
display  D   display_settings.c:202  debug_display_settings           [   0.09171] color: 16 (rgba 5650), depth: 24, stencil: 0, acc: 0000, samples: 0/0
display  D   display_settings.c:388  _al_score_display_settings       [   0.09173] Single Buffer requirement not met.
display  D   display_settings.c:202  debug_display_settings           [   0.09174] color: 16 (rgba 5650), depth: 24, stencil: 0, acc: 0000, samples: 0/0
display  D   display_settings.c:388  _al_score_display_settings       [   0.09177] Single Buffer requirement not met.
display  D   display_settings.c:202  debug_display_settings           [   0.09178] color: 16 (rgba 5650), depth: 24, stencil: 0, acc: 0000, samples: 2/1
display  D   display_settings.c:388  _al_score_display_settings       [   0.09180] Single Buffer requirement not met.
display  D   display_settings.c:202  debug_display_settings           [   0.09182] color: 16 (rgba 5650), depth: 24, stencil: 0, acc: 0000, samples: 3/1
display  D   display_settings.c:388  _al_score_display_settings       [   0.09184] Single Buffer requirement not met.
display  D   display_settings.c:202  debug_display_settings           [   0.09186] color: 16 (rgba 5650), depth: 24, stencil: 0, acc: 0000, samples: 4/1
display  D   display_settings.c:388  _al_score_display_settings       [   0.09188] Single Buffer requirement not met.
display  D   display_settings.c:202  debug_display_settings           [   0.09189] color: 16 (rgba 5650), depth: 24, stencil: 0, acc: 0000, samples: 5/1
display  D   display_settings.c:388  _al_score_display_settings       [   0.09191] Single Buffer requirement not met.
display  D   display_settings.c:202  debug_display_settings           [   0.09193] color: 16 (rgba 5650), depth: 24, stencil: 0, acc: 0000, samples: 6/1
display  D   display_settings.c:388  _al_score_display_settings       [   0.09195] Single Buffer requirement not met.
display  D   display_settings.c:202  debug_display_settings           [   0.09197] color: 16 (rgba 5650), depth: 24, stencil: 0, acc: 0000, samples: 7/1
display  D   display_settings.c:388  _al_score_display_settings       [   0.09199] Single Buffer requirement not met.
display  D   display_settings.c:202  debug_display_settings           [   0.09201] color: 16 (rgba 5650), depth: 24, stencil: 0, acc: 0000, samples: 8/1
display  D   display_settings.c:388  _al_score_display_settings       [   0.09203] Single Buffer requirement not met.
display  D   display_settings.c:202  debug_display_settings           [   0.09205] color: 16 (rgba 5650), depth: 16, stencil: 0, acc: 0000, samples: 0/0
display  D   display_settings.c:388  _al_score_display_settings       [   0.09207] Single Buffer requirement not met.
display  D   display_settings.c:202  debug_display_settings           [   0.09208] color: 16 (rgba 5650), depth: 16, stencil: 0, acc: 0000, samples: 0/0
display  D   display_settings.c:388  _al_score_display_settings       [   0.09210] Single Buffer requirement not met.
display  D   display_settings.c:202  debug_display_settings           [   0.09212] color: 16 (rgba 5650), depth: 16, stencil: 0, acc: 0000, samples: 2/1
display  D   display_settings.c:388  _al_score_display_settings       [   0.09215] Single Buffer requirement not met.
display  D   display_settings.c:202  debug_display_settings           [   0.09217] color: 16 (rgba 5650), depth: 16, stencil: 0, acc: 0000, samples: 3/1
display  D   display_settings.c:388  _al_score_display_settings       [   0.09219] Single Buffer requirement not met.
display  D   display_settings.c:202  debug_display_settings           [   0.09221] color: 16 (rgba 5650), depth: 16, stencil: 0, acc: 0000, samples: 4/1
display  D   display_settings.c:388  _al_score_display_settings       [   0.09223] Single Buffer requirement not met.
display  D   display_settings.c:202  debug_display_settings           [   0.09225] color: 16 (rgba 5650), depth: 16, stencil: 0, acc: 0000, samples: 5/1
display  D   display_settings.c:388  _al_score_display_settings       [   0.09227] Single Buffer requirement not met.
display  D   display_settings.c:202  debug_display_settings           [   0.09228] color: 16 (rgba 5650), depth: 16, stencil: 0, acc: 0000, samples: 6/1
display  D   display_settings.c:388  _al_score_display_settings       [   0.09231] Single Buffer requirement not met.
display  D   display_settings.c:202  debug_display_settings           [   0.09232] color: 16 (rgba 5650), depth: 16, stencil: 0, acc: 0000, samples: 7/1
display  D   display_settings.c:388  _al_score_display_settings       [   0.09234] Single Buffer requirement not met.
display  D   display_settings.c:202  debug_display_settings           [   0.09236] color: 16 (rgba 5650), depth: 16, stencil: 0, acc: 0000, samples: 8/1
display  D   display_settings.c:388  _al_score_display_settings       [   0.09238] Single Buffer requirement not met.
d3d      D         d3d_disp.cpp:1670 d3d_create_display_internals     [   0.09246] Trying format 0.
d3d      I         d3d_disp.cpp:1346 d3d_display_thread_proc          [   0.09329] Chose a display format: 23
d3d      I         d3d_disp.cpp:1415 d3d_display_thread_proc          [   0.09333] Normal window.
d3d      I         d3d_disp.cpp:779  d3d_create_device                [   0.11202] Using no depth stencil buffer
d3d      D         d3d_disp.cpp:837  d3d_create_device                [   0.13878] BeginScene succeeded in create_device
d3d      D         d3d_disp.cpp:845  d3d_create_device                [   0.13883] Success
d3d      D         d3d_disp.cpp:1693 d3d_create_display_internals     [   0.13886] Resumed after wait.
d3d      I         d3d_disp.cpp:1726 d3d_create_display_internals     [   0.13893] Format 0 succeeded.
d3d      D         d3d_disp.cpp:1757 d3d_create_display_internals     [   0.13900] Returning d3d_display: 04E73890
d3d      D         d3d_disp.cpp:1782 d3d_create_display_locked        [   0.13902] al_display=04E73890
d3d      D         d3d_disp.cpp:1783 d3d_create_display_locked        [   0.13904] al_display->vt=04E737B0
system   D            wsystem.c:674  maybe_parent_dir                 [   0.13924] Also searching C:\Users\Administrador\Documents\GitHub\ProgramacionDeGraficos1TP3\TP3\bin\
system   D            wsystem.c:724  _al_win_safe_load_library        [   0.13939] PathFindOnPath found: C:\WINDOWS\system32\d3dx9_43.dll
system   D            wsystem.c:635  load_library_at_path             [   0.13942] Calling LoadLibrary C:\WINDOWS\system32\d3dx9_43.dll
system   I            wsystem.c:638  load_library_at_path             [   0.14108] Loaded C:\WINDOWS\system32\d3dx9_43.dll
d3dx9    I        d3d_d3dx9.cpp:88   _imp_load_d3dx9_module_version   [   0.14114] Module "d3dx9_43.dll" loaded.
d3d      D         d3d_disp.cpp:1186 real_choose_bitmap_format        [   0.14190] Fake format
d3d      D         d3d_disp.cpp:1186 real_choose_bitmap_format        [   0.14192] Fake format
d3d      D         d3d_disp.cpp:1186 real_choose_bitmap_format        [   0.14194] Fake format
d3d      D         d3d_disp.cpp:1186 real_choose_bitmap_format        [   0.14196] Fake format
d3d      D         d3d_disp.cpp:1186 real_choose_bitmap_format        [   0.14197] Fake format
d3d      D         d3d_disp.cpp:1186 real_choose_bitmap_format        [   0.14199] Fake format
d3d      D         d3d_disp.cpp:1186 real_choose_bitmap_format        [   0.14201] Fake format
d3d      D         d3d_disp.cpp:1186 real_choose_bitmap_format        [   0.14202] Fake format
d3d      D         d3d_disp.cpp:1186 real_choose_bitmap_format        [   0.14204] Fake format
d3d      D         d3d_disp.cpp:1194 real_choose_bitmap_format        [   0.14205] Alpha doesn't match
d3d      D         d3d_disp.cpp:1201 real_choose_bitmap_format        [   0.14207] Adapter format is 23
d3d      D         d3d_disp.cpp:1204 real_choose_bitmap_format        [   0.14209] Found a format
d3d      I         d3d_disp.cpp:2381 d3d_create_bitmap                [   0.14211] Chose bitmap format 9
dtor     D               dtor.c:184  _al_register_destructor          [   0.14242] added dtor for object 09A3C4A0, func 64B421E9
d3d      D          d3d_bmp.cpp:539  _al_d3d_sync_bitmap              [   0.14262] _al_d3d_sync_bitmap (system) ref count == 1
d3d      D          d3d_bmp.cpp:545  _al_d3d_sync_bitmap              [   0.14266] _al_d3d_sync_bitmap (video) ref count == 1
d3d      D         d3d_disp.cpp:1186 real_choose_bitmap_format        [   0.14394] Fake format
d3d      D         d3d_disp.cpp:1186 real_choose_bitmap_format        [   0.14397] Fake format
d3d      D         d3d_disp.cpp:1186 real_choose_bitmap_format        [   0.14400] Fake format
d3d      D         d3d_disp.cpp:1186 real_choose_bitmap_format        [   0.14402] Fake format
d3d      D         d3d_disp.cpp:1186 real_choose_bitmap_format        [   0.14404] Fake format
d3d      D         d3d_disp.cpp:1186 real_choose_bitmap_format        [   0.14407] Fake format
d3d      D         d3d_disp.cpp:1186 real_choose_bitmap_format        [   0.14409] Fake format
d3d      D         d3d_disp.cpp:1186 real_choose_bitmap_format        [   0.14412] Fake format
d3d      D         d3d_disp.cpp:1186 real_choose_bitmap_format        [   0.14414] Fake format
d3d      D         d3d_disp.cpp:1194 real_choose_bitmap_format        [   0.14416] Alpha doesn't match
d3d      D         d3d_disp.cpp:1201 real_choose_bitmap_format        [   0.14419] Adapter format is 23
d3d      D         d3d_disp.cpp:1204 real_choose_bitmap_format        [   0.14422] Found a format
d3d      I         d3d_disp.cpp:2381 d3d_create_bitmap                [   0.14424] Chose bitmap format 9
dtor     D               dtor.c:184  _al_register_destructor          [   0.14445] added dtor for object 09A3A7F0, func 64B421E9
d3d      D          d3d_bmp.cpp:539  _al_d3d_sync_bitmap              [   0.14452] _al_d3d_sync_bitmap (system) ref count == 1
d3d      D          d3d_bmp.cpp:545  _al_d3d_sync_bitmap              [   0.14456] _al_d3d_sync_bitmap (video) ref count == 1
d3d      D         d3d_disp.cpp:1186 real_choose_bitmap_format        [   0.14498] Fake format
d3d      D         d3d_disp.cpp:1186 real_choose_bitmap_format        [   0.14500] Fake format
d3d      D         d3d_disp.cpp:1186 real_choose_bitmap_format        [   0.14501] Fake format
d3d      D         d3d_disp.cpp:1186 real_choose_bitmap_format        [   0.14503] Fake format
d3d      D         d3d_disp.cpp:1186 real_choose_bitmap_format        [   0.14505] Fake format
d3d      D         d3d_disp.cpp:1186 real_choose_bitmap_format        [   0.14506] Fake format
d3d      D         d3d_disp.cpp:1186 real_choose_bitmap_format        [   0.14508] Fake format
d3d      D         d3d_disp.cpp:1186 real_choose_bitmap_format        [   0.14510] Fake format
d3d      D         d3d_disp.cpp:1186 real_choose_bitmap_format        [   0.14511] Fake format
d3d      D         d3d_disp.cpp:1194 real_choose_bitmap_format        [   0.14513] Alpha doesn't match
d3d      D         d3d_disp.cpp:1201 real_choose_bitmap_format        [   0.14514] Adapter format is 23
d3d      D         d3d_disp.cpp:1204 real_choose_bitmap_format        [   0.14516] Found a format
d3d      I         d3d_disp.cpp:2381 d3d_create_bitmap                [   0.14518] Chose bitmap format 9
dtor     D               dtor.c:184  _al_register_destructor          [   0.14533] added dtor for object 09A3C230, func 64B421E9
d3d      D          d3d_bmp.cpp:539  _al_d3d_sync_bitmap              [   0.14539] _al_d3d_sync_bitmap (system) ref count == 1
d3d      D          d3d_bmp.cpp:545  _al_d3d_sync_bitmap              [   0.14542] _al_d3d_sync_bitmap (video) ref count == 1
d3d      D         d3d_disp.cpp:1186 real_choose_bitmap_format        [   0.14607] Fake format
d3d      D         d3d_disp.cpp:1186 real_choose_bitmap_format        [   0.14611] Fake format
d3d      D         d3d_disp.cpp:1186 real_choose_bitmap_format        [   0.14614] Fake format
d3d      D         d3d_disp.cpp:1186 real_choose_bitmap_format        [   0.14616] Fake format
d3d      D         d3d_disp.cpp:1186 real_choose_bitmap_format        [   0.14619] Fake format
d3d      D         d3d_disp.cpp:1186 real_choose_bitmap_format        [   0.14621] Fake format
d3d      D         d3d_disp.cpp:1186 real_choose_bitmap_format        [   0.14624] Fake format
d3d      D         d3d_disp.cpp:1186 real_choose_bitmap_format        [   0.14626] Fake format
d3d      D         d3d_disp.cpp:1186 real_choose_bitmap_format        [   0.14629] Fake format
d3d      D         d3d_disp.cpp:1194 real_choose_bitmap_format        [   0.14632] Alpha doesn't match
d3d      D         d3d_disp.cpp:1201 real_choose_bitmap_format        [   0.14634] Adapter format is 23
d3d      D         d3d_disp.cpp:1204 real_choose_bitmap_format        [   0.14637] Found a format
d3d      I         d3d_disp.cpp:2381 d3d_create_bitmap                [   0.14640] Chose bitmap format 9
dtor     D               dtor.c:184  _al_register_destructor          [   0.14657] added dtor for object 09A48768, func 64B421E9
d3d      D          d3d_bmp.cpp:539  _al_d3d_sync_bitmap              [   0.14663] _al_d3d_sync_bitmap (system) ref count == 1
d3d      D          d3d_bmp.cpp:545  _al_d3d_sync_bitmap              [   0.14666] _al_d3d_sync_bitmap (video) ref count == 1
d3d      D         d3d_disp.cpp:1186 real_choose_bitmap_format        [   0.14707] Fake format
d3d      D         d3d_disp.cpp:1186 real_choose_bitmap_format        [   0.14709] Fake format
d3d      D         d3d_disp.cpp:1186 real_choose_bitmap_format        [   0.14711] Fake format
d3d      D         d3d_disp.cpp:1186 real_choose_bitmap_format        [   0.14712] Fake format
d3d      D         d3d_disp.cpp:1186 real_choose_bitmap_format        [   0.14714] Fake format
d3d      D         d3d_disp.cpp:1186 real_choose_bitmap_format        [   0.14716] Fake format
d3d      D         d3d_disp.cpp:1186 real_choose_bitmap_format        [   0.14718] Fake format
d3d      D         d3d_disp.cpp:1186 real_choose_bitmap_format        [   0.14719] Fake format
d3d      D         d3d_disp.cpp:1186 real_choose_bitmap_format        [   0.14721] Fake format
d3d      D         d3d_disp.cpp:1194 real_choose_bitmap_format        [   0.14723] Alpha doesn't match
d3d      D         d3d_disp.cpp:1201 real_choose_bitmap_format        [   0.14724] Adapter format is 23
d3d      D         d3d_disp.cpp:1204 real_choose_bitmap_format        [   0.14726] Found a format
d3d      I         d3d_disp.cpp:2381 d3d_create_bitmap                [   0.14728] Chose bitmap format 9
dtor     D               dtor.c:184  _al_register_destructor          [   0.14756] added dtor for object 09A4DDA0, func 64B421E9
d3d      D          d3d_bmp.cpp:539  _al_d3d_sync_bitmap              [   0.14765] _al_d3d_sync_bitmap (system) ref count == 1
d3d      D          d3d_bmp.cpp:545  _al_d3d_sync_bitmap              [   0.14768] _al_d3d_sync_bitmap (video) ref count == 1
d3d      D         d3d_disp.cpp:1186 real_choose_bitmap_format        [   0.14933] Fake format
d3d      D         d3d_disp.cpp:1186 real_choose_bitmap_format        [   0.14935] Fake format
d3d      D         d3d_disp.cpp:1186 real_choose_bitmap_format        [   0.14937] Fake format
d3d      D         d3d_disp.cpp:1186 real_choose_bitmap_format        [   0.14938] Fake format
d3d      D         d3d_disp.cpp:1186 real_choose_bitmap_format        [   0.14940] Fake format
d3d      D         d3d_disp.cpp:1186 real_choose_bitmap_format        [   0.14942] Fake format
d3d      D         d3d_disp.cpp:1186 real_choose_bitmap_format        [   0.14944] Fake format
d3d      D         d3d_disp.cpp:1186 real_choose_bitmap_format        [   0.14945] Fake format
d3d      D         d3d_disp.cpp:1186 real_choose_bitmap_format        [   0.14947] Fake format
d3d      D         d3d_disp.cpp:1194 real_choose_bitmap_format        [   0.14948] Alpha doesn't match
d3d      D         d3d_disp.cpp:1201 real_choose_bitmap_format        [   0.14950] Adapter format is 23
d3d      D         d3d_disp.cpp:1204 real_choose_bitmap_format        [   0.14951] Found a format
d3d      I         d3d_disp.cpp:2381 d3d_create_bitmap                [   0.14953] Chose bitmap format 9
dtor     D               dtor.c:184  _al_register_destructor          [   0.15017] added dtor for object 09A4E5B8, func 64B421E9
d3d      D          d3d_bmp.cpp:539  _al_d3d_sync_bitmap              [   0.15070] _al_d3d_sync_bitmap (system) ref count == 1
d3d      D          d3d_bmp.cpp:545  _al_d3d_sync_bitmap              [   0.15074] _al_d3d_sync_bitmap (video) ref count == 1
d3d      D         d3d_disp.cpp:1186 real_choose_bitmap_format        [   0.15248] Fake format
d3d      D         d3d_disp.cpp:1186 real_choose_bitmap_format        [   0.15251] Fake format
d3d      D         d3d_disp.cpp:1186 real_choose_bitmap_format        [   0.15253] Fake format
d3d      D         d3d_disp.cpp:1186 real_choose_bitmap_format        [   0.15254] Fake format
d3d      D         d3d_disp.cpp:1186 real_choose_bitmap_format        [   0.15256] Fake format
d3d      D         d3d_disp.cpp:1186 real_choose_bitmap_format        [   0.15258] Fake format
d3d      D         d3d_disp.cpp:1186 real_choose_bitmap_format        [   0.15259] Fake format
d3d      D         d3d_disp.cpp:1186 real_choose_bitmap_format        [   0.15261] Fake format
d3d      D         d3d_disp.cpp:1186 real_choose_bitmap_format        [   0.15262] Fake format
d3d      D         d3d_disp.cpp:1194 real_choose_bitmap_format        [   0.15264] Alpha doesn't match
d3d      D         d3d_disp.cpp:1201 real_choose_bitmap_format        [   0.15266] Adapter format is 23
d3d      D         d3d_disp.cpp:1204 real_choose_bitmap_format        [   0.15268] Found a format
d3d      I         d3d_disp.cpp:2381 d3d_create_bitmap                [   0.15269] Chose bitmap format 9
dtor     D               dtor.c:184  _al_register_destructor          [   0.15290] added dtor for object 09A4DA98, func 64B421E9
d3d      D          d3d_bmp.cpp:539  _al_d3d_sync_bitmap              [   0.15298] _al_d3d_sync_bitmap (system) ref count == 1
d3d      D          d3d_bmp.cpp:545  _al_d3d_sync_bitmap              [   0.15301] _al_d3d_sync_bitmap (video) ref count == 1
d3d      D         d3d_disp.cpp:1186 real_choose_bitmap_format        [   0.15555] Fake format
d3d      D         d3d_disp.cpp:1186 real_choose_bitmap_format        [   0.15559] Fake format
d3d      D         d3d_disp.cpp:1186 real_choose_bitmap_format        [   0.15562] Fake format
d3d      D         d3d_disp.cpp:1186 real_choose_bitmap_format        [   0.15565] Fake format
d3d      D         d3d_disp.cpp:1186 real_choose_bitmap_format        [   0.15568] Fake format
d3d      D         d3d_disp.cpp:1186 real_choose_bitmap_format        [   0.15571] Fake format
d3d      D         d3d_disp.cpp:1186 real_choose_bitmap_format        [   0.15574] Fake format
d3d      D         d3d_disp.cpp:1186 real_choose_bitmap_format        [   0.15577] Fake format
d3d      D         d3d_disp.cpp:1186 real_choose_bitmap_format        [   0.15580] Fake format
d3d      D         d3d_disp.cpp:1194 real_choose_bitmap_format        [   0.15583] Alpha doesn't match
d3d      D         d3d_disp.cpp:1201 real_choose_bitmap_format        [   0.15586] Adapter format is 23
d3d      D         d3d_disp.cpp:1204 real_choose_bitmap_format        [   0.15589] Found a format
d3d      I         d3d_disp.cpp:2381 d3d_create_bitmap                [   0.15592] Chose bitmap format 9
dtor     D               dtor.c:184  _al_register_destructor          [   0.15615] added dtor for object 09A472A8, func 64B421E9
d3d      D          d3d_bmp.cpp:539  _al_d3d_sync_bitmap              [   0.15624] _al_d3d_sync_bitmap (system) ref count == 1
d3d      D          d3d_bmp.cpp:545  _al_d3d_sync_bitmap              [   0.15627] _al_d3d_sync_bitmap (video) ref count == 1
d3d      D         d3d_disp.cpp:1186 real_choose_bitmap_format        [   0.15687] Fake format
d3d      D         d3d_disp.cpp:1186 real_choose_bitmap_format        [   0.15691] Fake format
d3d      D         d3d_disp.cpp:1186 real_choose_bitmap_format        [   0.15694] Fake format
d3d      D         d3d_disp.cpp:1186 real_choose_bitmap_format        [   0.15696] Fake format
d3d      D         d3d_disp.cpp:1186 real_choose_bitmap_format        [   0.15699] Fake format
d3d      D         d3d_disp.cpp:1186 real_choose_bitmap_format        [   0.15702] Fake format
d3d      D         d3d_disp.cpp:1186 real_choose_bitmap_format        [   0.15705] Fake format
d3d      D         d3d_disp.cpp:1186 real_choose_bitmap_format        [   0.15707] Fake format
d3d      D         d3d_disp.cpp:1186 real_choose_bitmap_format        [   0.15710] Fake format
d3d      D         d3d_disp.cpp:1194 real_choose_bitmap_format        [   0.15713] Alpha doesn't match
d3d      D         d3d_disp.cpp:1201 real_choose_bitmap_format        [   0.15716] Adapter format is 23
d3d      D         d3d_disp.cpp:1204 real_choose_bitmap_format        [   0.15719] Found a format
d3d      I         d3d_disp.cpp:2381 d3d_create_bitmap                [   0.15722] Chose bitmap format 9
dtor     D               dtor.c:184  _al_register_destructor          [   0.15745] added dtor for object 09A39428, func 64B421E9
d3d      D          d3d_bmp.cpp:539  _al_d3d_sync_bitmap              [   0.15753] _al_d3d_sync_bitmap (system) ref count == 1
d3d      D          d3d_bmp.cpp:545  _al_d3d_sync_bitmap              [   0.15756] _al_d3d_sync_bitmap (video) ref count == 1
dtor     D               dtor.c:184  _al_register_destructor          [   0.15803] added dtor for object 04F0FED8, func 64B4233D
d3d      D          d3d_bmp.cpp:539  _al_d3d_sync_bitmap              [   0.15977] _al_d3d_sync_bitmap (system) ref count == 1
d3d      D          d3d_bmp.cpp:545  _al_d3d_sync_bitmap              [   0.15987] _al_d3d_sync_bitmap (video) ref count == 1
d3d      D          d3d_bmp.cpp:539  _al_d3d_sync_bitmap              [   0.16009] _al_d3d_sync_bitmap (system) ref count == 1
d3d      D          d3d_bmp.cpp:545  _al_d3d_sync_bitmap              [   0.16012] _al_d3d_sync_bitmap (video) ref count == 1
d3d      D          d3d_bmp.cpp:539  _al_d3d_sync_bitmap              [   0.16027] _al_d3d_sync_bitmap (system) ref count == 1
d3d      D          d3d_bmp.cpp:545  _al_d3d_sync_bitmap              [   0.16031] _al_d3d_sync_bitmap (video) ref count == 1
d3d      D          d3d_bmp.cpp:539  _al_d3d_sync_bitmap              [   0.16046] _al_d3d_sync_bitmap (system) ref count == 1
d3d      D          d3d_bmp.cpp:545  _al_d3d_sync_bitmap              [   0.16050] _al_d3d_sync_bitmap (video) ref count == 1
d3d      D          d3d_bmp.cpp:539  _al_d3d_sync_bitmap              [   0.16064] _al_d3d_sync_bitmap (system) ref count == 1
d3d      D          d3d_bmp.cpp:545  _al_d3d_sync_bitmap              [   0.16067] _al_d3d_sync_bitmap (video) ref count == 1
d3d      D          d3d_bmp.cpp:539  _al_d3d_sync_bitmap              [   0.16090] _al_d3d_sync_bitmap (system) ref count == 1
d3d      D          d3d_bmp.cpp:545  _al_d3d_sync_bitmap              [   0.16094] _al_d3d_sync_bitmap (video) ref count == 1
d3d      D          d3d_bmp.cpp:539  _al_d3d_sync_bitmap              [   0.16113] _al_d3d_sync_bitmap (system) ref count == 1
d3d      D          d3d_bmp.cpp:545  _al_d3d_sync_bitmap              [   0.16116] _al_d3d_sync_bitmap (video) ref count == 1
d3d      D          d3d_bmp.cpp:539  _al_d3d_sync_bitmap              [   0.16126] _al_d3d_sync_bitmap (system) ref count == 1
d3d      D          d3d_bmp.cpp:545  _al_d3d_sync_bitmap              [   0.16130] _al_d3d_sync_bitmap (video) ref count == 1
d3d      D          d3d_bmp.cpp:539  _al_d3d_sync_bitmap              [   0.16145] _al_d3d_sync_bitmap (system) ref count == 1
d3d      D          d3d_bmp.cpp:545  _al_d3d_sync_bitmap              [   0.16148] _al_d3d_sync_bitmap (video) ref count == 1
dtor     D               dtor.c:214  _al_unregister_destructor        [  17.76520] removed dtor for object 09A3C230
dtor     D               dtor.c:214  _al_unregister_destructor        [  17.76527] removed dtor for object 09A3C4A0
dtor     D               dtor.c:214  _al_unregister_destructor        [  17.76529] removed dtor for object 09A3A7F0
dtor     D               dtor.c:214  _al_unregister_destructor        [  17.76532] removed dtor for object 09A48768
dtor     D               dtor.c:214  _al_unregister_destructor        [  17.76534] removed dtor for object 09A4DA98
dtor     D               dtor.c:214  _al_unregister_destructor        [  17.76537] removed dtor for object 09A472A8
dtor     D               dtor.c:214  _al_unregister_destructor        [  17.76539] removed dtor for object 09A39428
dtor     D               dtor.c:214  _al_unregister_destructor        [  17.76541] removed dtor for object 09A4DDA0
dtor     D               dtor.c:214  _al_unregister_destructor        [  17.78037] removed dtor for object 00A721E8
d3d      I         d3d_disp.cpp:899  d3d_destroy_display              [  17.78044] destroying display 04E73890 (current 00000000)
bitmap   D        bitmap_type.c:300  _al_convert_to_memory_bitmap     [  17.78298] converting display bitmap 09A4E5B8 to memory bitmap
dtor     D               dtor.c:184  _al_register_destructor          [  17.78304] added dtor for object 09A39428, func 64B421E9
d3d      D          d3d_bmp.cpp:539  _al_d3d_sync_bitmap              [  17.78307] _al_d3d_sync_bitmap (system) ref count == 1
d3d      D          d3d_bmp.cpp:545  _al_d3d_sync_bitmap              [  17.78309] _al_d3d_sync_bitmap (video) ref count == 1
dtor     D               dtor.c:214  _al_unregister_destructor        [  17.78361] removed dtor for object 09A39428
d3d      D         d3d_disp.cpp:883  d3d_destroy_display_internals    [  17.78373] waiting for display 04E73890's thread to end
d3d      I         d3d_disp.cpp:1551 d3d_display_thread_proc          [  17.79728] d3d display thread exits
dtor     D               dtor.c:214  _al_unregister_destructor        [  17.79796] removed dtor for object 04F0FED8
dtor     D               dtor.c:114  _al_run_destructors              [  17.79800] calling dtor for object 09A4E5B8, func 64B421E9
dtor     D               dtor.c:214  _al_unregister_destructor        [  17.79803] removed dtor for object 09A4E5B8
